# Logfile created on 2022-12-04 12:02:29 +0800 by logger.rb/v1.5.0
D, [2022-12-04T12:04:43.976259 #34701] DEBUG -- : I am here
D, [2022-12-04T12:05:01.314583 #35402] DEBUG -- : I am here
D, [2022-12-04T12:05:01.314694 #35402] DEBUG -- : I am here2
D, [2022-12-04T12:05:48.057551 #36108] DEBUG -- : I am here
D, [2022-12-04T12:05:48.057671 #36108] DEBUG -- : I am here2
D, [2022-12-04T12:06:02.015023 #36809] DEBUG -- : I am here
D, [2022-12-04T12:13:14.854892 #37715] DEBUG -- : I am here
D, [2022-12-04T12:15:15.878958 #38442] DEBUG -- : I am here
D, [2022-12-04T12:15:15.879213 #38442] DEBUG -- : {:params=>{:initializationOptions=>{:enabledFeatures=>["hover"]}, :trace=>"off", :capabilities=>{:callHierarchy=>{:dynamicRegistration=>false}, :textDocument=>{:publishDiagnostics=>{:tagSupport=>{:valueSet=>[1, 2]}, :relatedInformation=>true}, :definition=>{:linkSupport=>true}, :implementation=>{:linkSupport=>true}, :typeDefinition=>{:linkSupport=>true}, :signatureHelp=>{:signatureInformation=>{:documentationFormat=>["markdown", "plaintext"], :parameterInformation=>{:labelOffsetSupport=>true}, :activeParameterSupport=>true}, :dynamicRegistration=>false}, :completion=>{:completionItemKind=>{:valueSet=>[1, 2, 3, 4, 5, 6, 7, 8, 9, 10, 11, 12, 13, 14, 15, 16, 17, 18, 19, 20, 21, 22, 23, 24, 25]}, :dynamicRegistration=>false, :contextSupport=>false, :completionItem=>{:snippetSupport=>false, :commitCharactersSupport=>false, :preselectSupport=>false, :deprecatedSupport=>false, :documentationFormat=>["markdown", "plaintext"]}}, :synchronization=>{:didSave=>true, :dynamicRegistration=>false, :willSave=>false, :willSaveWaitUntil=>false}, :rename=>{:prepareSupport=>true, :dynamicRegistration=>false}, :references=>{:dynamicRegistration=>false}, :documentHighlight=>{:dynamicRegistration=>false}, :documentSymbol=>{:symbolKind=>{:valueSet=>[1, 2, 3, 4, 5, 6, 7, 8, 9, 10, 11, 12, 13, 14, 15, 16, 17, 18, 19, 20, 21, 22, 23, 24, 25, 26]}, :hierarchicalDocumentSymbolSupport=>true, :dynamicRegistration=>false}, :codeAction=>{:dynamicRegistration=>false, :isPreferredSupport=>true, :dataSupport=>true, :resolveSupport=>{:properties=>["edit"]}, :codeActionLiteralSupport=>{:codeActionKind=>{:valueSet=>["", "Empty", "QuickFix", "Refactor", "RefactorExtract", "RefactorInline", "RefactorRewrite", "Source", "SourceOrganizeImports", "quickfix", "refactor", "refactor.extract", "refactor.inline", "refactor.rewrite", "source", "source.organizeImports"]}}}, :hover=>{:contentFormat=>["markdown", "plaintext"], :dynamicRegistration=>false}, :declaration=>{:linkSupport=>true}}, :workspace=>{:symbol=>{:symbolKind=>{:valueSet=>[1, 2, 3, 4, 5, 6, 7, 8, 9, 10, 11, 12, 13, 14, 15, 16, 17, 18, 19, 20, 21, 22, 23, 24, 25, 26]}, :dynamicRegistration=>false, :hierarchicalWorkspaceSymbolSupport=>true}, :configuration=>true, :applyEdit=>true, :workspaceEdit=>{:resourceOperations=>["rename", "create", "delete"]}, :workspaceFolders=>true}, :window=>{:workDoneProgress=>true, :showMessage=>{:messageActionItem=>{:additionalPropertiesSupport=>false}}, :showDocument=>{:support=>false}}}, :clientInfo=>{:name=>"Neovim", :version=>"0.8.0"}, :rootPath=>"/Users/marcusheng/projects/rails/budgetyourtime", :processId=>38051, :rootUri=>"file:///Users/marcusheng/projects/rails/budgetyourtime", :workspaceFolders=>[{:uri=>"file:///Users/marcusheng/projects/rails/budgetyourtime", :name=>"/Users/marcusheng/projects/rails/budgetyourtime"}]}, :id=>1, :method=>"initialize", :jsonrpc=>"2.0"}
D, [2022-12-04T12:15:54.833113 #39148] DEBUG -- : I am here
D, [2022-12-04T12:15:54.833365 #39148] DEBUG -- : {:id=>1, :params=>{:trace=>"off", :rootPath=>"/Users/marcusheng/projects/rails/budgetyourtime", :rootUri=>"file:///Users/marcusheng/projects/rails/budgetyourtime", :clientInfo=>{:version=>"0.8.0", :name=>"Neovim"}, :initializationOptions=>{}, :capabilities=>{:callHierarchy=>{:dynamicRegistration=>false}, :textDocument=>{:rename=>{:prepareSupport=>true, :dynamicRegistration=>false}, :signatureHelp=>{:signatureInformation=>{:documentationFormat=>["markdown", "plaintext"], :parameterInformation=>{:labelOffsetSupport=>true}, :activeParameterSupport=>true}, :dynamicRegistration=>false}, :completion=>{:completionItemKind=>{:valueSet=>[1, 2, 3, 4, 5, 6, 7, 8, 9, 10, 11, 12, 13, 14, 15, 16, 17, 18, 19, 20, 21, 22, 23, 24, 25]}, :dynamicRegistration=>false, :contextSupport=>false, :completionItem=>{:documentationFormat=>["markdown", "plaintext"], :snippetSupport=>false, :commitCharactersSupport=>false, :preselectSupport=>false, :deprecatedSupport=>false}}, :synchronization=>{:didSave=>true, :dynamicRegistration=>false, :willSave=>false, :willSaveWaitUntil=>false}, :references=>{:dynamicRegistration=>false}, :documentHighlight=>{:dynamicRegistration=>false}, :documentSymbol=>{:symbolKind=>{:valueSet=>[1, 2, 3, 4, 5, 6, 7, 8, 9, 10, 11, 12, 13, 14, 15, 16, 17, 18, 19, 20, 21, 22, 23, 24, 25, 26]}, :hierarchicalDocumentSymbolSupport=>true, :dynamicRegistration=>false}, :hover=>{:contentFormat=>["markdown", "plaintext"], :dynamicRegistration=>false}, :codeAction=>{:resolveSupport=>{:properties=>["edit"]}, :codeActionLiteralSupport=>{:codeActionKind=>{:valueSet=>["", "Empty", "QuickFix", "Refactor", "RefactorExtract", "RefactorInline", "RefactorRewrite", "Source", "SourceOrganizeImports", "quickfix", "refactor", "refactor.extract", "refactor.inline", "refactor.rewrite", "source", "source.organizeImports"]}}, :dynamicRegistration=>false, :isPreferredSupport=>true, :dataSupport=>true}, :declaration=>{:linkSupport=>true}, :publishDiagnostics=>{:tagSupport=>{:valueSet=>[1, 2]}, :relatedInformation=>true}, :definition=>{:linkSupport=>true}, :implementation=>{:linkSupport=>true}, :typeDefinition=>{:linkSupport=>true}}, :workspace=>{:configuration=>true, :applyEdit=>true, :workspaceEdit=>{:resourceOperations=>["rename", "create", "delete"]}, :workspaceFolders=>true, :symbol=>{:symbolKind=>{:valueSet=>[1, 2, 3, 4, 5, 6, 7, 8, 9, 10, 11, 12, 13, 14, 15, 16, 17, 18, 19, 20, 21, 22, 23, 24, 25, 26]}, :dynamicRegistration=>false, :hierarchicalWorkspaceSymbolSupport=>true}}, :window=>{:workDoneProgress=>true, :showMessage=>{:messageActionItem=>{:additionalPropertiesSupport=>false}}, :showDocument=>{:support=>false}}}, :workspaceFolders=>[{:uri=>"file:///Users/marcusheng/projects/rails/budgetyourtime", :name=>"/Users/marcusheng/projects/rails/budgetyourtime"}], :processId=>38758}, :jsonrpc=>"2.0", :method=>"initialize"}
D, [2022-12-04T12:16:49.255615 #40554] DEBUG -- : I am here
D, [2022-12-04T12:16:49.255882 #40554] DEBUG -- : {:params=>{:trace=>"off", :capabilities=>{:callHierarchy=>{:dynamicRegistration=>false}, :workspace=>{:configuration=>true, :symbol=>{:symbolKind=>{:valueSet=>[1, 2, 3, 4, 5, 6, 7, 8, 9, 10, 11, 12, 13, 14, 15, 16, 17, 18, 19, 20, 21, 22, 23, 24, 25, 26]}, :dynamicRegistration=>false, :hierarchicalWorkspaceSymbolSupport=>true}, :workspaceEdit=>{:resourceOperations=>["rename", "create", "delete"]}, :workspaceFolders=>true, :applyEdit=>true}, :textDocument=>{:documentSymbol=>{:symbolKind=>{:valueSet=>[1, 2, 3, 4, 5, 6, 7, 8, 9, 10, 11, 12, 13, 14, 15, 16, 17, 18, 19, 20, 21, 22, 23, 24, 25, 26]}, :hierarchicalDocumentSymbolSupport=>true, :dynamicRegistration=>false}, :codeAction=>{:resolveSupport=>{:properties=>["edit"]}, :codeActionLiteralSupport=>{:codeActionKind=>{:valueSet=>["", "Empty", "QuickFix", "Refactor", "RefactorExtract", "RefactorInline", "RefactorRewrite", "Source", "SourceOrganizeImports", "quickfix", "refactor", "refactor.extract", "refactor.inline", "refactor.rewrite", "source", "source.organizeImports"]}}, :dynamicRegistration=>false, :isPreferredSupport=>true, :dataSupport=>true}, :declaration=>{:linkSupport=>true}, :publishDiagnostics=>{:tagSupport=>{:valueSet=>[1, 2]}, :relatedInformation=>true}, :definition=>{:linkSupport=>true}, :implementation=>{:linkSupport=>true}, :typeDefinition=>{:linkSupport=>true}, :signatureHelp=>{:signatureInformation=>{:documentationFormat=>["markdown", "plaintext"], :parameterInformation=>{:labelOffsetSupport=>true}, :activeParameterSupport=>true}, :dynamicRegistration=>false}, :completion=>{:completionItemKind=>{:valueSet=>[1, 2, 3, 4, 5, 6, 7, 8, 9, 10, 11, 12, 13, 14, 15, 16, 17, 18, 19, 20, 21, 22, 23, 24, 25]}, :dynamicRegistration=>false, :contextSupport=>false, :completionItem=>{:documentationFormat=>["markdown", "plaintext"], :snippetSupport=>false, :commitCharactersSupport=>false, :preselectSupport=>false, :deprecatedSupport=>false}}, :rename=>{:prepareSupport=>true, :dynamicRegistration=>false}, :hover=>{:contentFormat=>["markdown", "plaintext"], :dynamicRegistration=>false}, :synchronization=>{:didSave=>true, :dynamicRegistration=>false, :willSave=>false, :willSaveWaitUntil=>false}, :references=>{:dynamicRegistration=>false}, :documentHighlight=>{:dynamicRegistration=>false}}, :window=>{:workDoneProgress=>true, :showMessage=>{:messageActionItem=>{:additionalPropertiesSupport=>false}}, :showDocument=>{:support=>false}}}, :rootUri=>"file:///Users/marcusheng/projects/rails/budgetyourtime", :workspaceFolders=>[{:name=>"/Users/marcusheng/projects/rails/budgetyourtime", :uri=>"file:///Users/marcusheng/projects/rails/budgetyourtime"}], :rootPath=>"/Users/marcusheng/projects/rails/budgetyourtime", :processId=>40164, :clientInfo=>{:name=>"Neovim", :version=>"0.8.0"}, :initializationOptions=>{}}, :method=>"initialize", :id=>1, :jsonrpc=>"2.0"}
D, [2022-12-04T12:17:44.926211 #41272] DEBUG -- : I am here
D, [2022-12-04T12:18:09.318790 #41974] DEBUG -- : initialize
D, [2022-12-04T12:33:31.518209 #43324] DEBUG -- : initialize
D, [2022-12-04T12:36:52.822209 #44949] DEBUG -- : I am here
D, [2022-12-04T12:37:08.734865 #45667] DEBUG -- : I am here
D, [2022-12-04T12:37:08.735139 #45667] DEBUG -- : initialize
D, [2022-12-04T12:37:34.694255 #46377] DEBUG -- : I am here
D, [2022-12-04T12:37:34.694826 #46377] DEBUG -- : initialize
D, [2022-12-04T12:37:58.889019 #47092] DEBUG -- : I am here
D, [2022-12-04T12:37:58.889534 #47092] DEBUG -- : initialize
D, [2022-12-04T12:37:58.889593 #47092] DEBUG -- : HITTING INITIALIZED
D, [2022-12-04T12:38:52.697005 #47829] DEBUG -- : I am here
D, [2022-12-04T12:38:52.697709 #47829] DEBUG -- : initialize
D, [2022-12-04T12:39:33.610277 #48554] DEBUG -- : I am here
D, [2022-12-04T12:39:33.610509 #48554] DEBUG -- : initialize
D, [2022-12-04T12:39:33.610945 #48554] DEBUG -- : {"capabilities"=>{"hoverProvider"=>{"dynamicRegistration"=>true, "contentFormat"=>["markdown"]}, "textDocumentSync"=>{"openClose"=>true, "change"=>0, "save"=>false}}}
D, [2022-12-04T12:39:33.611305 #48554] DEBUG -- : initialized
D, [2022-12-04T12:39:33.611388 #48554] DEBUG -- : GOT MESSAGE: {:params=>{}, :jsonrpc=>"2.0", :method=>"initialized"}
D, [2022-12-04T12:39:33.611468 #48554] DEBUG -- : textDocument/didOpen
D, [2022-12-04T12:39:33.611537 #48554] DEBUG -- : GOT MESSAGE: {:params=>{:textDocument=>{:languageId=>"ruby", :version=>0, :text=>"# frozen_string_literal: true\n\nclass User < ApplicationRecord\n  include Editable\n  include Deletable\n\n  before_save :downcase_email\n\n  has_many :to_dos, dependent: :destroy\n  has_many :time_budgets, dependent: :destroy\n\n  has_secure_password\n  has_secure_token :remember_token\n\n  validates_presence_of :name, :time_zone\n  validates :email, presence: true, uniqueness: true, format: {with: URI::MailTo::EMAIL_REGEXP}\n  validates :password, presence: true, length: {minimum: 8}, allow_nil: true\n\n  private\n\n  def downcase_email\n    self.email = email.downcase.upcase.something\n  end\nend\n", :uri=>"file:///Users/marcusheng/projects/rails/budgetyourtime/app/models/user.rb"}}, :jsonrpc=>"2.0", :method=>"textDocument/didOpen"}
D, [2022-12-04T12:39:44.486874 #48554] DEBUG -- : textDocument/hover
D, [2022-12-04T12:41:07.285080 #49306] DEBUG -- : I am here
D, [2022-12-04T12:41:07.285593 #49306] DEBUG -- : initialize
D, [2022-12-04T12:41:07.285700 #49306] DEBUG -- : #<LanguageServer::Protocol::Interface::InitializeResult:0x00000001101fb998 @attributes={:capabilities=>#<LanguageServer::Protocol::Interface::ServerCapabilities:0x00000001101fba88 @attributes={:textDocumentSync=>#<LanguageServer::Protocol::Interface::TextDocumentSyncOptions:0x00000001101fbc90 @attributes={:openClose=>true, :save=>true}>, :hoverProvider=>#<LanguageServer::Protocol::Interface::HoverClientCapabilities:0x00000001101fbb50 @attributes={}>}>}>
D, [2022-12-04T12:41:07.286025 #49306] DEBUG -- : initialized
D, [2022-12-04T12:41:07.286145 #49306] DEBUG -- : GOT MESSAGE: {:params=>{}, :jsonrpc=>"2.0", :method=>"initialized"}
D, [2022-12-04T12:41:07.286249 #49306] DEBUG -- : textDocument/didOpen
D, [2022-12-04T12:41:07.286336 #49306] DEBUG -- : GOT MESSAGE: {:params=>{:textDocument=>{:text=>"# frozen_string_literal: true\n\nclass User < ApplicationRecord\n  include Editable\n  include Deletable\n\n  before_save :downcase_email\n\n  has_many :to_dos, dependent: :destroy\n  has_many :time_budgets, dependent: :destroy\n\n  has_secure_password\n  has_secure_token :remember_token\n\n  validates_presence_of :name, :time_zone\n  validates :email, presence: true, uniqueness: true, format: {with: URI::MailTo::EMAIL_REGEXP}\n  validates :password, presence: true, length: {minimum: 8}, allow_nil: true\n\n  private\n\n  def downcase_email\n    self.email = email.downcase.upcase.something\n  end\nend\n", :version=>0, :languageId=>"ruby", :uri=>"file:///Users/marcusheng/projects/rails/budgetyourtime/app/models/user.rb"}}, :jsonrpc=>"2.0", :method=>"textDocument/didOpen"}
D, [2022-12-04T12:41:09.123686 #49306] DEBUG -- : textDocument/didSave
D, [2022-12-04T12:41:09.123755 #49306] DEBUG -- : Saved
D, [2022-12-04T12:41:10.288302 #49306] DEBUG -- : textDocument/didSave
D, [2022-12-04T12:41:10.288377 #49306] DEBUG -- : Saved
D, [2022-12-04T12:41:11.051520 #49306] DEBUG -- : textDocument/didSave
D, [2022-12-04T12:41:11.051584 #49306] DEBUG -- : Saved
D, [2022-12-04T12:41:16.334724 #49306] DEBUG -- : textDocument/didSave
D, [2022-12-04T12:41:16.334799 #49306] DEBUG -- : Saved
D, [2022-12-04T12:41:17.784246 #49306] DEBUG -- : textDocument/didSave
D, [2022-12-04T12:41:17.784332 #49306] DEBUG -- : Saved
D, [2022-12-04T12:41:18.346309 #49306] DEBUG -- : textDocument/didSave
D, [2022-12-04T12:41:18.346374 #49306] DEBUG -- : Saved
D, [2022-12-04T12:49:03.552971 #49306] DEBUG -- : shutdown
D, [2022-12-04T12:49:03.553153 #49306] DEBUG -- : GOT MESSAGE: {:jsonrpc=>"2.0", :id=>2, :method=>"shutdown"}
D, [2022-12-04T12:49:36.879280 #51042] DEBUG -- : I am here
D, [2022-12-04T12:49:53.654205 #51758] DEBUG -- : #<LanguageServer::Protocol::Interface::InitializeResult:0x00000001048819e0 @attributes={:capabilities=>#<LanguageServer::Protocol::Interface::ServerCapabilities:0x0000000104881ad0 @attributes={:textDocumentSync=>#<LanguageServer::Protocol::Interface::TextDocumentSyncOptions:0x00000001048820c0 @attributes={:openClose=>true, :save=>true}>, :hoverProvider=>#<LanguageServer::Protocol::Interface::HoverClientCapabilities:0x0000000104881df0 @attributes={}>}>}>
D, [2022-12-04T12:51:33.165483 #52514] DEBUG -- : #<LanguageServer::Protocol::Interface::InitializeResult:0x0000000106f3b0e0 @attributes={:capabilities=>#<LanguageServer::Protocol::Interface::ServerCapabilities:0x0000000106f3b1a8 @attributes={:textDocumentSync=>#<LanguageServer::Protocol::Interface::TextDocumentSyncOptions:0x0000000106f3b360 @attributes={:openClose=>true, :save=>true}>, :hoverProvider=>#<LanguageServer::Protocol::Interface::HoverClientCapabilities:0x0000000106f3b270 @attributes={}>}>}>
D, [2022-12-04T12:51:33.165622 #52514] DEBUG -- : 1
D, [2022-12-04T12:52:08.720066 #53236] DEBUG -- : 1
D, [2022-12-04T12:54:45.658285 #54693] DEBUG -- : initialize
D, [2022-12-04T12:54:45.658744 #54693] DEBUG -- : initialized
D, [2022-12-04T12:55:22.039178 #55423] DEBUG -- : initialize
D, [2022-12-04T12:55:22.039645 #55423] DEBUG -- : initialized
D, [2022-12-04T12:55:22.039723 #55423] DEBUG -- : Initialized
D, [2022-12-04T12:55:22.039888 #55423] DEBUG -- : textDocument/didOpen
D, [2022-12-04T12:56:05.598921 #56153] DEBUG -- : initialize
D, [2022-12-04T12:56:05.599306 #56153] DEBUG -- : initialized
D, [2022-12-04T12:56:05.599379 #56153] DEBUG -- : Initialized
D, [2022-12-04T12:56:05.599845 #56153] DEBUG -- : textDocument/didOpen
D, [2022-12-04T12:56:05.599907 #56153] DEBUG -- : didOpen
D, [2022-12-04T13:21:53.683558 #56153] DEBUG -- : shutdown
D, [2022-12-04T13:23:46.895553 #60328] DEBUG -- : test
D, [2022-12-04T13:23:46.895995 #60328] DEBUG -- : test
D, [2022-12-04T13:25:30.053429 #60328] DEBUG -- : test
D, [2022-12-04T13:25:52.112124 #61789] DEBUG -- : Not supported method: initialized
D, [2022-12-04T13:25:52.112528 #61789] DEBUG -- : Not supported method: textDocument/didOpen
D, [2022-12-04T13:25:54.831274 #61789] DEBUG -- : Not supported method: textDocument/didSave
D, [2022-12-04T13:25:56.868808 #61789] DEBUG -- : Not supported method: textDocument/didSave
D, [2022-12-04T13:27:53.662949 #61789] DEBUG -- : Not supported method: shutdown
D, [2022-12-04T13:29:01.382616 #64882] DEBUG -- : I am outside
D, [2022-12-04T13:29:01.382733 #64882] DEBUG -- : I am here
D, [2022-12-04T13:31:15.636454 #66527] DEBUG -- : Not supported method: initialized
D, [2022-12-04T13:31:15.636629 #66527] DEBUG -- : Not supported method: textDocument/didOpen
D, [2022-12-04T13:31:19.545099 #66527] DEBUG -- : Not supported method: textDocument/didSave
D, [2022-12-04T13:31:49.750383 #66527] DEBUG -- : Not supported method: textDocument/hover
D, [2022-12-04T13:40:53.535703 #66527] DEBUG -- : Not supported method: shutdown
D, [2022-12-04T13:40:56.686055 #67722] DEBUG -- : Not supported method: initialized
D, [2022-12-04T13:40:56.686214 #67722] DEBUG -- : Not supported method: textDocument/didOpen
D, [2022-12-04T13:41:51.252589 #68548] DEBUG -- : Not supported method: initialized
D, [2022-12-04T13:41:51.252751 #68548] DEBUG -- : Not supported method: textDocument/didOpen
D, [2022-12-04T13:41:53.664689 #68548] DEBUG -- : I am here
D, [2022-12-04T13:41:57.301929 #68548] DEBUG -- : I am here
D, [2022-12-04T13:42:00.025576 #68548] DEBUG -- : I am here
D, [2022-12-04T13:42:01.277666 #68548] DEBUG -- : I am here
D, [2022-12-04T13:42:02.528565 #68548] DEBUG -- : I am here
D, [2022-12-04T13:52:38.721688 #68548] DEBUG -- : Not supported method: shutdown
D, [2022-12-04T13:52:42.030960 #69712] DEBUG -- : Not supported method: initialized
D, [2022-12-04T13:52:42.031090 #69712] DEBUG -- : Not supported method: textDocument/didOpen
D, [2022-12-04T13:52:54.096241 #69712] DEBUG -- : Not supported method: shutdown
D, [2022-12-04T13:52:59.675666 #70422] DEBUG -- : Not supported method: initialized
D, [2022-12-04T13:52:59.675833 #70422] DEBUG -- : Not supported method: textDocument/didOpen
D, [2022-12-04T13:53:00.926137 #70422] DEBUG -- : Not supported method: textDocument/didSave
D, [2022-12-04T13:53:02.386360 #70422] DEBUG -- : Respond to: true
D, [2022-12-04T13:55:30.352400 #70422] DEBUG -- : Not supported method: shutdown
D, [2022-12-04T13:55:34.300670 #71444] DEBUG -- : Not supported method: initialized
D, [2022-12-04T13:55:34.301123 #71444] DEBUG -- : Not supported method: textDocument/didOpen
D, [2022-12-04T13:56:02.137883 #72170] DEBUG -- : Not supported method: initialized
D, [2022-12-04T13:56:02.138239 #72170] DEBUG -- : Not supported method: textDocument/didOpen
D, [2022-12-04T13:56:39.986076 #72956] DEBUG -- : Not supported method: initialized
D, [2022-12-04T13:56:39.986220 #72956] DEBUG -- : Not supported method: textDocument/didOpen
D, [2022-12-04T13:57:06.993486 #72956] DEBUG -- : Not supported method: shutdown
D, [2022-12-04T13:57:10.097818 #73686] DEBUG -- : Not supported method: initialized
D, [2022-12-04T13:57:10.098292 #73686] DEBUG -- : Not supported method: textDocument/didOpen
D, [2022-12-04T13:57:29.491141 #73686] DEBUG -- : Not supported method: textDocument/didSave
D, [2022-12-04T13:57:30.617566 #73686] DEBUG -- : Not supported method: textDocument/didSave
D, [2022-12-04T13:58:04.136173 #73686] DEBUG -- : Not supported method: shutdown
D, [2022-12-04T13:58:10.736409 #74457] DEBUG -- : Not supported method: initialized
D, [2022-12-04T13:58:10.736566 #74457] DEBUG -- : Not supported method: textDocument/didOpen
D, [2022-12-04T13:58:31.320248 #74457] DEBUG -- : Not supported method: textDocument/didSave
D, [2022-12-04T14:01:26.618787 #74457] DEBUG -- : Not supported method: textDocument/didSave
D, [2022-12-04T14:13:42.330949 #74457] DEBUG -- : Not supported method: textDocument/didSave
D, [2022-12-04T14:13:44.556310 #74457] DEBUG -- : Not supported method: shutdown
D, [2022-12-04T14:21:14.676007 #77023] DEBUG -- : Not supported method: initialized
D, [2022-12-04T14:21:14.676515 #77023] DEBUG -- : Not supported method: textDocument/didOpen
D, [2022-12-04T14:23:20.649439 #77023] DEBUG -- : Not supported method: shutdown
D, [2022-12-04T14:23:24.195380 #77828] DEBUG -- : Directory: budgetyourtime
D, [2022-12-04T14:23:24.196293 #77828] DEBUG -- : Not supported method: initialized
D, [2022-12-04T14:23:24.196432 #77828] DEBUG -- : Not supported method: textDocument/didOpen
D, [2022-12-04T14:24:08.496003 #77828] DEBUG -- : Not supported method: shutdown
D, [2022-12-04T14:24:11.777546 #78569] DEBUG -- : Not supported method: initialized
D, [2022-12-04T14:24:11.777690 #78569] DEBUG -- : Not supported method: textDocument/didOpen
D, [2022-12-04T14:27:49.314440 #78569] DEBUG -- : Not supported method: shutdown
D, [2022-12-04T14:27:52.790065 #79460] DEBUG -- : Not supported method: initialized
D, [2022-12-04T14:27:52.790198 #79460] DEBUG -- : Not supported method: textDocument/didOpen
D, [2022-12-04T14:28:27.950616 #79460] DEBUG -- : Not supported method: shutdown
D, [2022-12-04T14:28:31.546617 #80169] DEBUG -- : Not supported method: initialized
D, [2022-12-04T14:28:31.546748 #80169] DEBUG -- : Not supported method: textDocument/didOpen
D, [2022-12-04T14:32:13.363778 #80169] DEBUG -- : Not supported method: shutdown
D, [2022-12-04T14:32:16.807044 #81008] DEBUG -- : Not supported method: initialized
D, [2022-12-04T14:32:16.807178 #81008] DEBUG -- : Not supported method: textDocument/didOpen
D, [2022-12-04T14:32:32.903267 #81008] DEBUG -- : Not supported method: shutdown
D, [2022-12-04T14:32:36.244827 #81716] DEBUG -- : Not supported method: initialized
D, [2022-12-04T14:32:36.244978 #81716] DEBUG -- : Not supported method: textDocument/didOpen
D, [2022-12-04T14:33:44.986231 #81716] DEBUG -- : Not supported method: shutdown
D, [2022-12-04T14:33:48.387305 #82447] DEBUG -- : Not supported method: initialized
D, [2022-12-04T14:33:48.387483 #82447] DEBUG -- : Not supported method: textDocument/didOpen
D, [2022-12-04T14:34:01.062783 #82447] DEBUG -- : Not supported method: shutdown
D, [2022-12-04T14:34:04.526946 #83163] DEBUG -- : Not supported method: initialized
D, [2022-12-04T14:34:04.527154 #83163] DEBUG -- : Not supported method: textDocument/didOpen
D, [2022-12-04T14:34:44.880638 #83163] DEBUG -- : Not supported method: shutdown
D, [2022-12-04T14:34:48.048555 #83893] DEBUG -- : Not supported method: initialized
D, [2022-12-04T14:34:48.048897 #83893] DEBUG -- : Not supported method: textDocument/didOpen
D, [2022-12-04T14:35:07.357000 #83893] DEBUG -- : Not supported method: shutdown
D, [2022-12-04T14:35:10.697646 #84609] DEBUG -- : Not supported method: initialized
D, [2022-12-04T14:35:10.697794 #84609] DEBUG -- : Not supported method: textDocument/didOpen
D, [2022-12-04T14:38:51.000207 #84609] DEBUG -- : Not supported method: shutdown
D, [2022-12-04T14:38:54.498255 #85416] DEBUG -- : Not supported method: initialized
D, [2022-12-04T14:38:54.498425 #85416] DEBUG -- : Not supported method: textDocument/didOpen
D, [2022-12-04T14:39:52.118267 #85416] DEBUG -- : Not supported method: shutdown
D, [2022-12-04T14:39:55.538967 #86137] DEBUG -- : Not supported method: initialized
D, [2022-12-04T14:39:55.539100 #86137] DEBUG -- : Not supported method: textDocument/didOpen
D, [2022-12-04T14:46:02.265943 #86137] DEBUG -- : Not supported method: shutdown
D, [2022-12-04T14:46:07.408526 #86971] DEBUG -- : Not supported method: initialized
D, [2022-12-04T14:46:07.408646 #86971] DEBUG -- : Not supported method: textDocument/didOpen
D, [2022-12-04T15:03:31.446826 #86971] DEBUG -- : Not supported method: shutdown
D, [2022-12-04T15:21:58.922187 #8710] DEBUG -- : Not supported method: initialized
D, [2022-12-04T15:21:58.922411 #8710] DEBUG -- : Not supported method: textDocument/didOpen
D, [2022-12-04T15:22:05.146649 #8710] DEBUG -- : Not supported method: shutdown
D, [2022-12-04T15:27:46.610179 #10382] DEBUG -- : Not supported method: initialized
D, [2022-12-04T15:27:46.610308 #10382] DEBUG -- : Not supported method: textDocument/didOpen
D, [2022-12-04T15:30:05.148617 #10382] DEBUG -- : Not supported method: shutdown
D, [2022-12-04T15:30:09.435930 #11276] DEBUG -- : Not supported method: initialized
D, [2022-12-04T15:30:09.436134 #11276] DEBUG -- : Not supported method: textDocument/didOpen
D, [2022-12-04T15:30:13.384108 #11276] DEBUG -- : Not supported method: shutdown
D, [2022-12-04T15:31:30.249996 #12167] DEBUG -- : Not supported method: initialized
D, [2022-12-04T15:31:30.250523 #12167] DEBUG -- : Not supported method: textDocument/didOpen
D, [2022-12-04T15:32:58.671540 #12167] DEBUG -- : Not supported method: shutdown
D, [2022-12-04T15:33:01.918718 #13024] DEBUG -- : Not supported method: initialized
D, [2022-12-04T15:33:01.918856 #13024] DEBUG -- : Not supported method: textDocument/didOpen
D, [2022-12-04T15:33:17.902253 #13024] DEBUG -- : Not supported method: shutdown
D, [2022-12-04T15:33:21.214889 #13784] DEBUG -- : Not supported method: initialized
D, [2022-12-04T15:33:21.215024 #13784] DEBUG -- : Not supported method: textDocument/didOpen
D, [2022-12-04T15:39:47.194726 #13784] DEBUG -- : Not supported method: shutdown
D, [2022-12-04T15:39:50.424526 #14808] DEBUG -- : Not supported method: initialized
D, [2022-12-04T15:39:50.424661 #14808] DEBUG -- : Not supported method: textDocument/didOpen
D, [2022-12-04T15:40:15.169132 #14808] DEBUG -- : Not supported method: shutdown
D, [2022-12-04T15:40:18.289239 #15549] DEBUG -- : Not supported method: initialized
D, [2022-12-04T15:40:18.289446 #15549] DEBUG -- : Not supported method: textDocument/didOpen
D, [2022-12-04T15:40:53.365115 #15549] DEBUG -- : Not supported method: shutdown
D, [2022-12-04T15:40:56.594195 #16260] DEBUG -- : Not supported method: initialized
D, [2022-12-04T15:40:56.594346 #16260] DEBUG -- : Not supported method: textDocument/didOpen
D, [2022-12-04T15:43:42.905780 #16260] DEBUG -- : Not supported method: shutdown
D, [2022-12-04T15:43:46.878164 #17078] DEBUG -- : Not supported method: initialized
D, [2022-12-04T15:43:46.878291 #17078] DEBUG -- : Not supported method: textDocument/didOpen
D, [2022-12-04T15:45:28.244403 #17078] DEBUG -- : Not supported method: shutdown
D, [2022-12-04T15:45:32.140706 #17846] DEBUG -- : Not supported method: initialized
D, [2022-12-04T15:45:32.140913 #17846] DEBUG -- : Not supported method: textDocument/didOpen
D, [2022-12-04T15:45:53.526843 #17846] DEBUG -- : Not supported method: shutdown
D, [2022-12-04T15:45:56.738259 #18562] DEBUG -- : Not supported method: initialized
D, [2022-12-04T15:45:56.738383 #18562] DEBUG -- : Not supported method: textDocument/didOpen
D, [2022-12-04T15:53:06.958396 #18562] DEBUG -- : Not supported method: shutdown
D, [2022-12-04T15:53:10.598203 #19563] DEBUG -- : Not supported method: initialized
D, [2022-12-04T15:53:10.598365 #19563] DEBUG -- : Not supported method: textDocument/didOpen
D, [2022-12-04T16:00:31.642825 #19563] DEBUG -- : Not supported method: shutdown
D, [2022-12-04T16:00:35.389211 #20782] DEBUG -- : Not supported method: initialized
D, [2022-12-04T16:00:35.389428 #20782] DEBUG -- : Not supported method: textDocument/didOpen
D, [2022-12-04T16:02:20.918605 #20782] DEBUG -- : Not supported method: shutdown
